PLINK v1.90b7.2 64-bit (11 Dec 2023)
Options in effect:
  --bfile ../Data/Session8/1kgp_chr21_ldPruned
  --out ../Data/Session8/1kgp_chr21_ldPruned_pca
  --pca

Hostname: Shashwats-MacBook-Air.local
Working directory: /Users/shashwat/Documents/SISG2024-Module4/Notebooks
Start time: Thu May 30 23:21:53 2024

Random number seed: 1717125713
8192 MB RAM detected; reserving 4096 MB for main workspace.
1105538 variants loaded from .bim file.
2504 people (0 males, 0 females, 2504 ambiguous) loaded from .fam.
Ambiguous sex IDs written to ../Data/Session8/1kgp_chr21_ldPruned_pca.nosex .
Using up to 8 threads (change this with --threads).
Before main variant filters, 2504 founders and 0 nonfounders present.
Calculating allele frequencies... done.
Total genotyping rate is 0.999787.
1105538 variants and 2504 people pass filters and QC.
Note: No phenotypes present.
Relationship matrix calculation complete.
--pca: Results saved to ../Data/Session8/1kgp_chr21_ldPruned_pca.eigenval and
../Data/Session8/1kgp_chr21_ldPruned_pca.eigenvec .

End time: Thu May 30 23:23:15 2024
